<?xml version="1.0" encoding="UTF-8"?>
<coverage generated="1620157152938" clover="3.2.0">
  <project timestamp="1620157152938" name="All files">
    <metrics statements="21" coveredstatements="14" conditionals="0" coveredconditionals="0" methods="7" coveredmethods="6" elements="28" coveredelements="20" complexity="0" loc="21" ncloc="21" packages="1" files="2" classes="2"/>
    <file name="api.bcb.js" path="C:\Users\pc\convertmymoney\lib\api.bcb.js">
      <metrics statements="16" coveredstatements="9" conditionals="0" coveredconditionals="0" methods="5" coveredmethods="4"/>
      <line num="1" count="1" type="stmt"/>
      <line num="3" count="1" type="stmt"/>
      <line num="4" count="1" type="stmt"/>
      <line num="5" count="1" type="stmt"/>
      <line num="6" count="1" type="stmt"/>
      <line num="7" count="1" type="stmt"/>
      <line num="8" count="1" type="stmt"/>
      <line num="10" count="1" type="stmt"/>
      <line num="11" count="0" type="stmt"/>
      <line num="12" count="0" type="stmt"/>
      <line num="13" count="0" type="stmt"/>
      <line num="14" count="0" type="stmt"/>
      <line num="15" count="0" type="stmt"/>
      <line num="16" count="0" type="stmt"/>
      <line num="18" count="0" type="stmt"/>
      <line num="23" count="1" type="stmt"/>
    </file>
    <file name="convet.js" path="C:\Users\pc\convertmymoney\lib\convet.js">
      <metrics statements="5" coveredstatements="5" conditionals="0" coveredconditionals="0" methods="2" coveredmethods="2"/>
      <line num="1" count="1" type="stmt"/>
      <line num="2" count="2" type="stmt"/>
      <line num="4" count="1" type="stmt"/>
      <line num="5" count="2" type="stmt"/>
      <line num="8" count="1" type="stmt"/>
    </file>
  </project>
</coverage>
