{"C:\\Users\\pc\\convertmymoney\\lib\\api.bcb.js": {"path":"C:\\Users\\pc\\convertmymoney\\lib\\api.bcb.js","statementMap":{"0":{"start":{"line":1,"column":14},"end":{"line":1,"column":30}},"1":{"start":{"line":3,"column":15},"end":{"line":3,"column":236}},"2":{"start":{"line":3,"column":23},"end":{"line":3,"column":236}},"3":{"start":{"line":4,"column":22},"end":{"line":4,"column":43}},"4":{"start":{"line":4,"column":29},"end":{"line":4,"column":43}},"5":{"start":{"line":5,"column":23},"end":{"line":5,"column":60}},"6":{"start":{"line":5,"column":30},"end":{"line":5,"column":60}},"7":{"start":{"line":6,"column":17},"end":{"line":9,"column":1}},"8":{"start":{"line":7,"column":16},"end":{"line":7,"column":26}},"9":{"start":{"line":8,"column":2},"end":{"line":8,"column":73}},"10":{"start":{"line":10,"column":19},"end":{"line":20,"column":1}},"11":{"start":{"line":11,"column":2},"end":{"line":19,"column":3}},"12":{"start":{"line":12,"column":18},"end":{"line":12,"column":28}},"13":{"start":{"line":13,"column":16},"end":{"line":13,"column":29}},"14":{"start":{"line":14,"column":16},"end":{"line":14,"column":40}},"15":{"start":{"line":15,"column":20},"end":{"line":15,"column":39}},"16":{"start":{"line":16,"column":4},"end":{"line":16,"column":18}},"17":{"start":{"line":18,"column":4},"end":{"line":18,"column":13}},"18":{"start":{"line":23,"column":0},"end":{"line":29,"column":1}}},"fnMap":{"0":{"name":"(anonymous_0)","decl":{"start":{"line":3,"column":15},"end":{"line":3,"column":16}},"loc":{"start":{"line":3,"column":23},"end":{"line":3,"column":236}},"line":3},"1":{"name":"(anonymous_1)","decl":{"start":{"line":4,"column":22},"end":{"line":4,"column":23}},"loc":{"start":{"line":4,"column":29},"end":{"line":4,"column":43}},"line":4},"2":{"name":"(anonymous_2)","decl":{"start":{"line":5,"column":23},"end":{"line":5,"column":24}},"loc":{"start":{"line":5,"column":30},"end":{"line":5,"column":60}},"line":5},"3":{"name":"(anonymous_3)","decl":{"start":{"line":6,"column":17},"end":{"line":6,"column":18}},"loc":{"start":{"line":6,"column":23},"end":{"line":9,"column":1}},"line":6},"4":{"name":"(anonymous_4)","decl":{"start":{"line":10,"column":19},"end":{"line":10,"column":20}},"loc":{"start":{"line":10,"column":30},"end":{"line":20,"column":1}},"line":10}},"branchMap":{},"s":{"0":1,"1":1,"2":1,"3":1,"4":1,"5":1,"6":1,"7":1,"8":1,"9":1,"10":1,"11":0,"12":0,"13":0,"14":0,"15":0,"16":0,"17":0,"18":1},"f":{"0":1,"1":1,"2":1,"3":1,"4":0},"b":{},"_coverageSchema":"1a1c01bbd47fc00a2c39e90264f33305004495a9","hash":"bba83989f6f1a42e9e21f033a4e0d3d439c0e696"}
,"C:\\Users\\pc\\convertmymoney\\lib\\convet.js": {"path":"C:\\Users\\pc\\convertmymoney\\lib\\convet.js","statementMap":{"0":{"start":{"line":1,"column":16},"end":{"line":3,"column":1}},"1":{"start":{"line":2,"column":2},"end":{"line":2,"column":29}},"2":{"start":{"line":4,"column":16},"end":{"line":6,"column":1}},"3":{"start":{"line":5,"column":2},"end":{"line":5,"column":37}},"4":{"start":{"line":8,"column":0},"end":{"line":11,"column":1}}},"fnMap":{"0":{"name":"(anonymous_0)","decl":{"start":{"line":1,"column":16},"end":{"line":1,"column":17}},"loc":{"start":{"line":1,"column":41},"end":{"line":3,"column":1}},"line":1},"1":{"name":"(anonymous_1)","decl":{"start":{"line":4,"column":16},"end":{"line":4,"column":17}},"loc":{"start":{"line":4,"column":25},"end":{"line":6,"column":1}},"line":4}},"branchMap":{},"s":{"0":1,"1":2,"2":1,"3":2,"4":1},"f":{"0":2,"1":2},"b":{},"_coverageSchema":"1a1c01bbd47fc00a2c39e90264f33305004495a9","hash":"aa29c8105ed3d0b25d2b467539e973ab1b7d2777"}
}
